16:54:29 添加好友：80616665
16:55:14 [原吧b神交流委员会(云玲 129316619)] #帮助:help
16:55:14 puppeteer 启动中。。
16:55:15 puppeteer 启动成功
16:55:15 图片生成 help:448ms 次数:1
16:56:09 [原吧b神交流委员会] #刻晴:character
16:56:09 MysUser缓存失效，重建缓存...
16:56:09 MysUser缓存重建完成...
16:56:48 [原吧b神交流委员会(卡玛sei亚 126941175)] #绑定uid212022330:bindUid
16:56:56 [原吧b神交流委员会(卡玛sei亚 126941175)] #查询:roleAll
16:57:58 [原吧b神交流委员会(云玲 129316619)] #绑定uid129316619:bindUid
16:58:00 [原吧b神交流委员会] #刻晴 191267839:character
16:58:00 图片生成 character:110ms 次数:2
16:58:20 [原吧b神交流委员会(Player_2)] #绑定uid191267839:bindUid
16:58:39 [原吧b神交流委员会(卡玛sei亚 126941175)] #绑定uid126941175:bindUid
16:58:47 [原吧b神交流委员会(Player_2)] #五星列表:talentList
16:58:48 图片生成 talentList:131ms 次数:3
16:58:49 [原吧b神交流委员会] #魈:character
16:58:49 图片生成 character:84ms 次数:4
16:58:56 [原吧b神交流委员会(卡玛sei亚 126941175)] #练度统计:talentList
16:58:56 图片生成 talentList:111ms 次数:5
17:00:01 [原吧b神交流委员会(Player_2)] #练度统计:talentList
17:00:01 图片生成 talentList:111ms 次数:6
17:00:09 [原吧b神交流委员会(云玲 129316619)] #练度统计:talentList
17:00:10 图片生成 talentList:169ms 次数:7
17:03:54 更新配置config成功
17:03:56 更新配置config成功
17:04:00 更新配置config成功
17:04:02 更新配置config成功
17:04:32 更新配置config成功
17:04:35 更新配置config成功
17:04:37 更新配置config成功
17:05:10 [原吧b神交流委员会(云玲 129316619)] #角色:roleAll
17:05:11 图片生成 roleAll:237ms 次数:8
17:05:12 更新配置config成功
17:14:50 [原吧b神交流委员会(云玲 129316619)] #帮助:character
17:14:50 [原吧b神交流委员会(云玲 129316619)] #帮助:help
17:14:50 [原吧b神交流委员会(云玲 129316619)] #帮助:help
17:14:50 puppeteer 启动中。。
17:14:51 puppeteer 启动成功
17:14:51 图片生成 help:410ms 次数:1
17:18:49 [原吧b神交流委员会(云玲 129316619)] #帮助:character
17:18:49 [原吧b神交流委员会(云玲 129316619)] #帮助:help
17:18:49 [原吧b神交流委员会(云玲 129316619)] #帮助:help
17:18:49 puppeteer 启动中。。
17:18:49 puppeteer 启动成功
17:18:49 图片生成 help:408ms 次数:1
17:19:25 [原吧b神交流委员会(云玲 129316619)] #喵喵帮助:character
17:19:25 [原吧b神交流委员会(云玲 129316619)] #喵喵帮助:help
17:19:25 图片生成 index:273ms 次数:2
17:23:33 [原吧b神交流委员会(云玲 129316619)] #喵喵设置:character
17:23:33 [原吧b神交流委员会(云玲 129316619)] #喵喵设置:sysCfg
17:23:34 图片生成 index:221ms 次数:3
